<?xml version="1.0" encoding="UTF-8"?>
<coverage generated="1621114924881" clover="3.2.0">
  <project timestamp="1621114924881" name="All files">
    <metrics statements="24" coveredstatements="17" conditionals="8" coveredconditionals="7" methods="14" coveredmethods="10" elements="46" coveredelements="34" complexity="0" loc="24" ncloc="24" packages="2" files="4" classes="4"/>
    <package name="components">
      <metrics statements="22" coveredstatements="16" conditionals="8" coveredconditionals="7" methods="13" coveredmethods="10"/>
      <file name="Comment.js" path="C:\Users\tatyg\Desktop\Senior Design\chorescence\src\components\Comment.js">
        <metrics statements="9" coveredstatements="9" conditionals="6" coveredconditionals="5" methods="6" coveredmethods="6"/>
        <line num="8" count="2" type="stmt"/>
        <line num="17" count="5" type="stmt"/>
        <line num="18" count="12" type="stmt"/>
        <line num="19" count="5" type="cond" truecount="2" falsecount="0"/>
        <line num="23" count="2" type="cond" truecount="2" falsecount="0"/>
        <line num="24" count="1" type="stmt"/>
        <line num="35" count="5" type="stmt"/>
        <line num="36" count="1" type="cond" truecount="1" falsecount="1"/>
        <line num="40" count="7" type="stmt"/>
      </file>
      <file name="CommentForm.js" path="C:\Users\tatyg\Desktop\Senior Design\chorescence\src\components\CommentForm.js">
        <metrics statements="10" coveredstatements="4" conditionals="0" coveredconditionals="0" methods="5" coveredmethods="2"/>
        <line num="10" count="2" type="stmt"/>
        <line num="16" count="3" type="stmt"/>
        <line num="17" count="3" type="stmt"/>
        <line num="26" count="0" type="stmt"/>
        <line num="27" count="0" type="stmt"/>
        <line num="33" count="0" type="stmt"/>
        <line num="37" count="0" type="stmt"/>
        <line num="38" count="0" type="stmt"/>
        <line num="41" count="0" type="stmt"/>
        <line num="46" count="3" type="stmt"/>
      </file>
      <file name="CommentSection.js" path="C:\Users\tatyg\Desktop\Senior Design\chorescence\src\components\CommentSection.js">
        <metrics statements="3" coveredstatements="3" conditionals="2" coveredconditionals="2" methods="2" coveredmethods="2"/>
        <line num="15" count="1" type="stmt"/>
        <line num="23" count="1" type="stmt"/>
        <line num="34" count="2" type="stmt"/>
      </file>
    </package>
    <package name="tests.mock">
      <metrics statements="2" coveredstatements="1" conditionals="0" coveredconditionals="0" methods="1" coveredmethods="0"/>
      <file name="styleMock.js" path="C:\Users\tatyg\Desktop\Senior Design\chorescence\src\tests\mock\styleMock.js">
        <metrics statements="2" coveredstatements="1" conditionals="0" coveredconditionals="0" methods="1" coveredmethods="0"/>
        <line num="1" count="2" type="stmt"/>
        <line num="3" count="0" type="stmt"/>
      </file>
    </package>
  </project>
</coverage>
