{"C:\\Users\\tatyg\\Desktop\\Senior Design\\chorescence\\src\\components\\Comment.js": {"path":"C:\\Users\\tatyg\\Desktop\\Senior Design\\chorescence\\src\\components\\Comment.js","statementMap":{"0":{"start":{"line":8,"column":23},"end":{"line":14,"column":5}},"1":{"start":{"line":17,"column":8},"end":{"line":17,"column":21}},"2":{"start":{"line":18,"column":20},"end":{"line":18,"column":88}},"3":{"start":{"line":18,"column":51},"end":{"line":18,"column":87}},"4":{"start":{"line":19,"column":8},"end":{"line":19,"column":78}},"5":{"start":{"line":23,"column":8},"end":{"line":25,"column":9}},"6":{"start":{"line":24,"column":12},"end":{"line":24,"column":65}},"7":{"start":{"line":35,"column":20},"end":{"line":35,"column":66}},"8":{"start":{"line":35,"column":40},"end":{"line":35,"column":65}},"9":{"start":{"line":36,"column":12},"end":{"line":36,"column":85}},"10":{"start":{"line":40,"column":8},"end":{"line":42,"column":9}}},"fnMap":{"0":{"name":"(anonymous_0)","decl":{"start":{"line":16,"column":4},"end":{"line":16,"column":5}},"loc":{"start":{"line":16,"column":22},"end":{"line":20,"column":5}},"line":16},"1":{"name":"(anonymous_1)","decl":{"start":{"line":18,"column":44},"end":{"line":18,"column":45}},"loc":{"start":{"line":18,"column":51},"end":{"line":18,"column":87}},"line":18},"2":{"name":"(anonymous_2)","decl":{"start":{"line":22,"column":4},"end":{"line":22,"column":5}},"loc":{"start":{"line":22,"column":33},"end":{"line":27,"column":5}},"line":22},"3":{"name":"(anonymous_3)","decl":{"start":{"line":34,"column":4},"end":{"line":34,"column":5}},"loc":{"start":{"line":34,"column":29},"end":{"line":37,"column":5}},"line":34},"4":{"name":"(anonymous_4)","decl":{"start":{"line":35,"column":33},"end":{"line":35,"column":34}},"loc":{"start":{"line":35,"column":40},"end":{"line":35,"column":65}},"line":35},"5":{"name":"(anonymous_5)","decl":{"start":{"line":39,"column":4},"end":{"line":39,"column":5}},"loc":{"start":{"line":39,"column":12},"end":{"line":43,"column":5}},"line":39}},"branchMap":{"0":{"loc":{"start":{"line":19,"column":8},"end":{"line":19,"column":76}},"type":"cond-expr","locations":[{"start":{"line":19,"column":14},"end":{"line":19,"column":43}},{"start":{"line":19,"column":46},"end":{"line":19,"column":76}}],"line":19},"1":{"loc":{"start":{"line":23,"column":8},"end":{"line":25,"column":9}},"type":"if","locations":[{"start":{"line":23,"column":8},"end":{"line":25,"column":9}},{"start":{"line":23,"column":8},"end":{"line":25,"column":9}}],"line":23},"2":{"loc":{"start":{"line":36,"column":12},"end":{"line":36,"column":84}},"type":"cond-expr","locations":[{"start":{"line":36,"column":18},"end":{"line":36,"column":49}},{"start":{"line":36,"column":52},"end":{"line":36,"column":84}}],"line":36}},"s":{"0":2,"1":5,"2":5,"3":12,"4":5,"5":2,"6":1,"7":1,"8":5,"9":1,"10":7},"f":{"0":5,"1":12,"2":2,"3":1,"4":5,"5":7},"b":{"0":[3,2],"1":[1,1],"2":[1,0]},"_coverageSchema":"1a1c01bbd47fc00a2c39e90264f33305004495a9","hash":"03c1625fa2b983163558558db5b6c6dd439f826f"}
,"C:\\Users\\tatyg\\Desktop\\Senior Design\\chorescence\\src\\components\\CommentForm.js": {"path":"C:\\Users\\tatyg\\Desktop\\Senior Design\\chorescence\\src\\components\\CommentForm.js","statementMap":{"0":{"start":{"line":10,"column":23},"end":{"line":13,"column":5}},"1":{"start":{"line":16,"column":8},"end":{"line":16,"column":20}},"2":{"start":{"line":17,"column":8},"end":{"line":17,"column":56}},"3":{"start":{"line":26,"column":8},"end":{"line":26,"column":31}},"4":{"start":{"line":27,"column":21},"end":{"line":31,"column":9}},"5":{"start":{"line":33,"column":8},"end":{"line":42,"column":11}},"6":{"start":{"line":37,"column":12},"end":{"line":37,"column":64}},"7":{"start":{"line":38,"column":12},"end":{"line":38,"column":42}},"8":{"start":{"line":41,"column":12},"end":{"line":41,"column":31}},"9":{"start":{"line":46,"column":8},"end":{"line":55,"column":10}}},"fnMap":{"0":{"name":"(anonymous_0)","decl":{"start":{"line":15,"column":4},"end":{"line":15,"column":5}},"loc":{"start":{"line":15,"column":23},"end":{"line":18,"column":5}},"line":15},"1":{"name":"(anonymous_1)","decl":{"start":{"line":25,"column":4},"end":{"line":25,"column":5}},"loc":{"start":{"line":25,"column":23},"end":{"line":43,"column":5}},"line":25},"2":{"name":"(anonymous_2)","decl":{"start":{"line":36,"column":13},"end":{"line":36,"column":14}},"loc":{"start":{"line":36,"column":27},"end":{"line":39,"column":9}},"line":36},"3":{"name":"(anonymous_3)","decl":{"start":{"line":40,"column":14},"end":{"line":40,"column":15}},"loc":{"start":{"line":40,"column":25},"end":{"line":42,"column":9}},"line":40},"4":{"name":"(anonymous_4)","decl":{"start":{"line":45,"column":4},"end":{"line":45,"column":5}},"loc":{"start":{"line":45,"column":12},"end":{"line":56,"column":5}},"line":45}},"branchMap":{},"s":{"0":2,"1":3,"2":3,"3":0,"4":0,"5":0,"6":0,"7":0,"8":0,"9":3},"f":{"0":3,"1":0,"2":0,"3":0,"4":3},"b":{},"_coverageSchema":"1a1c01bbd47fc00a2c39e90264f33305004495a9","hash":"dba1328d11c925e5078713ccc87f91aae053ac39"}
,"C:\\Users\\tatyg\\Desktop\\Senior Design\\chorescence\\src\\components\\CommentSection.js": {"path":"C:\\Users\\tatyg\\Desktop\\Senior Design\\chorescence\\src\\components\\CommentSection.js","statementMap":{"0":{"start":{"line":15,"column":23},"end":{"line":20,"column":5}},"1":{"start":{"line":23,"column":8},"end":{"line":41,"column":10}},"2":{"start":{"line":34,"column":20},"end":{"line":34,"column":80}}},"fnMap":{"0":{"name":"(anonymous_0)","decl":{"start":{"line":22,"column":4},"end":{"line":22,"column":5}},"loc":{"start":{"line":22,"column":12},"end":{"line":42,"column":5}},"line":22},"1":{"name":"(anonymous_1)","decl":{"start":{"line":33,"column":68},"end":{"line":33,"column":69}},"loc":{"start":{"line":34,"column":20},"end":{"line":34,"column":80}},"line":34}},"branchMap":{"0":{"loc":{"start":{"line":33,"column":21},"end":{"line":34,"column":81}},"type":"binary-expr","locations":[{"start":{"line":33,"column":21},"end":{"line":33,"column":40}},{"start":{"line":33,"column":44},"end":{"line":34,"column":81}}],"line":33}},"s":{"0":1,"1":1,"2":2},"f":{"0":1,"1":2},"b":{"0":[1,1]},"_coverageSchema":"1a1c01bbd47fc00a2c39e90264f33305004495a9","hash":"6072ea2ad216d7c7ce0be7b0ce83c4aca5a3a62a"}
,"C:\\Users\\tatyg\\Desktop\\Senior Design\\chorescence\\src\\tests\\mock\\styleMock.js": {"path":"C:\\Users\\tatyg\\Desktop\\Senior Design\\chorescence\\src\\tests\\mock\\styleMock.js","statementMap":{"0":{"start":{"line":1,"column":0},"end":{"line":5,"column":4}},"1":{"start":{"line":3,"column":6},"end":{"line":3,"column":16}}},"fnMap":{"0":{"name":"(anonymous_0)","decl":{"start":{"line":2,"column":13},"end":{"line":2,"column":14}},"loc":{"start":{"line":2,"column":24},"end":{"line":4,"column":5}},"line":2}},"branchMap":{},"s":{"0":2,"1":0},"f":{"0":0},"b":{},"_coverageSchema":"1a1c01bbd47fc00a2c39e90264f33305004495a9","hash":"1037a16ec6867391a8d699ded09ccbadfcaee25c"}
}
