TN:
SF:src\components\Comment.js
FN:16,(anonymous_0)
FN:18,(anonymous_1)
FN:22,(anonymous_2)
FN:34,(anonymous_3)
FN:35,(anonymous_4)
FN:39,(anonymous_5)
FNF:6
FNH:6
FNDA:5,(anonymous_0)
FNDA:12,(anonymous_1)
FNDA:2,(anonymous_2)
FNDA:1,(anonymous_3)
FNDA:5,(anonymous_4)
FNDA:7,(anonymous_5)
DA:8,2
DA:17,5
DA:18,12
DA:19,5
DA:23,2
DA:24,1
DA:35,5
DA:36,1
DA:40,7
LF:9
LH:9
BRDA:19,0,0,3
BRDA:19,0,1,2
BRDA:23,1,0,1
BRDA:23,1,1,1
BRDA:36,2,0,1
BRDA:36,2,1,0
BRF:6
BRH:5
end_of_record
TN:
SF:src\components\CommentForm.js
FN:15,(anonymous_0)
FN:25,(anonymous_1)
FN:36,(anonymous_2)
FN:40,(anonymous_3)
FN:45,(anonymous_4)
FNF:5
FNH:2
FNDA:3,(anonymous_0)
FNDA:0,(anonymous_1)
FNDA:0,(anonymous_2)
FNDA:0,(anonymous_3)
FNDA:3,(anonymous_4)
DA:10,2
DA:16,3
DA:17,3
DA:26,0
DA:27,0
DA:33,0
DA:37,0
DA:38,0
DA:41,0
DA:46,3
LF:10
LH:4
BRF:0
BRH:0
end_of_record
TN:
SF:src\components\CommentSection.js
FN:22,(anonymous_0)
FN:33,(anonymous_1)
FNF:2
FNH:2
FNDA:1,(anonymous_0)
FNDA:2,(anonymous_1)
DA:15,1
DA:23,1
DA:34,2
LF:3
LH:3
BRDA:33,0,0,1
BRDA:33,0,1,1
BRF:2
BRH:2
end_of_record
TN:
SF:src\tests\mock\styleMock.js
FN:2,(anonymous_0)
FNF:1
FNH:0
FNDA:0,(anonymous_0)
DA:1,2
DA:3,0
LF:2
LH:1
BRF:0
BRH:0
end_of_record
